=== npm ci ===
npm warn deprecated inflight@1.0.6: This module is not supported, and leaks memory. Do not use it. Check out lru-cache if you want a good and tested way to coalesce async requests by a key value, which is much more comprehensive and powerful.
npm warn deprecated @humanwhocodes/config-array@0.11.14: Use @eslint/config-array instead
npm warn deprecated rimraf@3.0.2: Rimraf versions prior to v4 are no longer supported
npm warn deprecated glob@7.1.7: Glob versions prior to v9 are no longer supported
npm warn deprecated @humanwhocodes/object-schema@2.0.3: Use @eslint/object-schema instead
npm warn deprecated eslint@8.49.0: This version is no longer supported. Please see https://eslint.org/version-support for other options.

> fincalc-pro@1.0.0 postinstall
> node ./scripts/check-env.js || node -e "process.exit(0)"

✔ environment check ok

> fincalc-pro@1.0.0 prepare
> husky install

'husky' is not recognized as an internal or external command,
operable program or batch file.
npm error code 1
npm error path C:\Users\willi\Downloads\project-bolt-sb1-derrkza2\project
npm error command failed
npm error command C:\WINDOWS\system32\cmd.exe /d /s /c husky install
npm error A complete log of this run can be found in: C:\Users\willi\AppData\Local\npm-cache\_logs\2025-12-01T07_27_37_029Z-debug-0.log
=== npm run build ===

> fincalc-pro@1.0.0 build
> next build

   ▲ Next.js 15.5.5
   - Environments: .env.local, .env
   - Experiments (use with caution):
     · serverActions

   Creating an optimized production build ...
 ✓ Compiled successfully in 8.9s
   Skipping linting
   Checking validity of types ...
Failed to compile.

./app/(dashboard)/tax-optimization/page.tsx:470:25
Type error: Type '"currentIncome"' is not assignable to type '"grossIncome" | "employmentIncome" | "rentalIncome" | "investmentIncome" | "frankedDividends" | "capitalGains" | "otherIncome" | "workRelatedExpenses" | "investmentExpenses" | ... 13 more ... | "otherDeductions"'. Did you mean '"rentalIncome"'?

[0m [90m 468 |[39m                       [33m<[39m[33mFormField[39m
 [90m 469 |[39m                         control[33m=[39m{taxForm[33m.[39mcontrol}
[31m[1m>[22m[39m[90m 470 |[39m                         name[33m=[39m[32m"currentIncome"[39m
 [90m     |[39m                         [31m[1m^[22m[39m
 [90m 471 |[39m                         render[33m=[39m{({ field }) [33m=>[39m (
 [90m 472 |[39m                           [33m<[39m[33mFormItem[39m[33m>[39m
 [90m 473 |[39m                             [33m<[39m[33mFormLabel[39m[33m>[39m[33mCurrent[39m [33mIncome[39m[33m<[39m[33m/[39m[33mFormLabel[39m[33m>[39m[0m
Next.js build worker exited with code: 1 and signal: null
